[20-Feb-2021 02:00:05 UTC] PHP Warning:  Use of undefined constant footer - assumed 'footer' (this will throw an Error in a future version of PHP) in /Applications/MAMP/htdocs/4w4-conceptionWeb/wp-content/themes/angelica/footer.php on line 20
[20-Feb-2021 02:00:05 UTC] PHP Notice:  Undefined variable: color__linksite in /Applications/MAMP/htdocs/4w4-conceptionWeb/wp-content/themes/angelica/footer.php on line 20
[20-Feb-2021 02:00:05 UTC] PHP Warning:  A non-numeric value encountered in /Applications/MAMP/htdocs/4w4-conceptionWeb/wp-content/themes/angelica/footer.php on line 20
[22-Feb-2021 15:54:13 UTC] PHP Parse error:  syntax error, unexpected end of file, expecting elseif (T_ELSEIF) or else (T_ELSE) or endif (T_ENDIF) in /Applications/MAMP/htdocs/4w4-conceptionWeb/wp-content/themes/angelica/header.php on line 76
[25-Feb-2021 22:04:56 UTC] PHP Fatal error:  Uncaught Error: Call to undefined function wp_eregister_script() in /Applications/MAMP/htdocs/4w4-conceptionWeb/wp-content/themes/angelica/functions.php:158
Stack trace:
#0 /Applications/MAMP/htdocs/4w4-conceptionWeb/wp-includes/class-wp-hook.php(287): angelica_scripts('')
#1 /Applications/MAMP/htdocs/4w4-conceptionWeb/wp-includes/class-wp-hook.php(311): WP_Hook->apply_filters(NULL, Array)
#2 /Applications/MAMP/htdocs/4w4-conceptionWeb/wp-includes/plugin.php(484): WP_Hook->do_action(Array)
#3 /Applications/MAMP/htdocs/4w4-conceptionWeb/wp-includes/script-loader.php(2004): do_action('wp_enqueue_scri...')
#4 /Applications/MAMP/htdocs/4w4-conceptionWeb/wp-includes/class-wp-hook.php(287): wp_enqueue_scripts('')
#5 /Applications/MAMP/htdocs/4w4-conceptionWeb/wp-includes/class-wp-hook.php(311): WP_Hook->apply_filters(NULL, Array)
#6 /Applications/MAMP/htdocs/4w4-conceptionWeb/wp-includes/plugin.php(484): WP_Hook->do_action(Array)
#7 /Applications/MAMP/htdocs/4w4-conceptionWeb/wp-includes/general-template.php(3005): in /Applications/MAMP/htdocs/4w4-conceptionWeb/wp-content/themes/angelica/functions.php on line 158
[25-Feb-2021 22:04:59 UTC] PHP Fatal error:  Uncaught Error: Call to undefined function wp_eregister_script() in /Applications/MAMP/htdocs/4w4-conceptionWeb/wp-content/themes/angelica/functions.php:158
Stack trace:
#0 /Applications/MAMP/htdocs/4w4-conceptionWeb/wp-includes/class-wp-hook.php(287): angelica_scripts('')
#1 /Applications/MAMP/htdocs/4w4-conceptionWeb/wp-includes/class-wp-hook.php(311): WP_Hook->apply_filters(NULL, Array)
#2 /Applications/MAMP/htdocs/4w4-conceptionWeb/wp-includes/plugin.php(484): WP_Hook->do_action(Array)
#3 /Applications/MAMP/htdocs/4w4-conceptionWeb/wp-includes/script-loader.php(2004): do_action('wp_enqueue_scri...')
#4 /Applications/MAMP/htdocs/4w4-conceptionWeb/wp-includes/class-wp-hook.php(287): wp_enqueue_scripts('')
#5 /Applications/MAMP/htdocs/4w4-conceptionWeb/wp-includes/class-wp-hook.php(311): WP_Hook->apply_filters(NULL, Array)
#6 /Applications/MAMP/htdocs/4w4-conceptionWeb/wp-includes/plugin.php(484): WP_Hook->do_action(Array)
#7 /Applications/MAMP/htdocs/4w4-conceptionWeb/wp-includes/general-template.php(3005): in /Applications/MAMP/htdocs/4w4-conceptionWeb/wp-content/themes/angelica/functions.php on line 158
[11-Mar-2021 19:08:19 UTC] PHP Parse error:  syntax error, unexpected end of file in /Applications/MAMP/htdocs/4w4-conceptionWeb/wp-content/themes/angelica/functions.php on line 209
[11-Mar-2021 19:19:47 UTC] PHP Parse error:  syntax error, unexpected '$session' (T_VARIABLE) in /Applications/MAMP/htdocs/4w4-conceptionWeb/wp-content/themes/angelica/category-cours.php on line 29
[11-Mar-2021 19:28:31 UTC] PHP Parse error:  syntax error, unexpected '}', expecting ';' or ',' in /Applications/MAMP/htdocs/4w4-conceptionWeb/wp-content/themes/angelica/category-cours.php on line 37
[15-Mar-2021 13:20:39 UTC] PHP Warning:  call_user_func_array() expects parameter 1 to be a valid callback, function 'extraire_cours_front_page' not found or invalid function name in /Applications/MAMP/htdocs/4w4-conceptionWeb/wp-includes/class-wp-hook.php on line 292
[15-Mar-2021 13:20:39 UTC] PHP Warning:  call_user_func_array() expects parameter 1 to be a valid callback, function 'extraire_cours_front_page' not found or invalid function name in /Applications/MAMP/htdocs/4w4-conceptionWeb/wp-includes/class-wp-hook.php on line 292
[15-Mar-2021 13:20:39 UTC] PHP Warning:  call_user_func_array() expects parameter 1 to be a valid callback, function 'extraire_cours_front_page' not found or invalid function name in /Applications/MAMP/htdocs/4w4-conceptionWeb/wp-includes/class-wp-hook.php on line 292
[15-Mar-2021 13:20:39 UTC] PHP Warning:  call_user_func_array() expects parameter 1 to be a valid callback, function 'extraire_cours_front_page' not found or invalid function name in /Applications/MAMP/htdocs/4w4-conceptionWeb/wp-includes/class-wp-hook.php on line 292
[15-Mar-2021 13:20:39 UTC] PHP Warning:  call_user_func_array() expects parameter 1 to be a valid callback, function 'extraire_cours_front_page' not found or invalid function name in /Applications/MAMP/htdocs/4w4-conceptionWeb/wp-includes/class-wp-hook.php on line 292
[15-Mar-2021 13:32:13 UTC] PHP Warning:  call_user_func_array() expects parameter 1 to be a valid callback, function 'extraire_cours_front_page' not found or invalid function name in /Applications/MAMP/htdocs/4w4-conceptionWeb/wp-includes/class-wp-hook.php on line 292
[15-Mar-2021 13:32:13 UTC] PHP Warning:  call_user_func_array() expects parameter 1 to be a valid callback, function 'extraire_cours_front_page' not found or invalid function name in /Applications/MAMP/htdocs/4w4-conceptionWeb/wp-includes/class-wp-hook.php on line 292
[15-Mar-2021 13:32:13 UTC] PHP Warning:  call_user_func_array() expects parameter 1 to be a valid callback, function 'extraire_cours_front_page' not found or invalid function name in /Applications/MAMP/htdocs/4w4-conceptionWeb/wp-includes/class-wp-hook.php on line 292
[15-Mar-2021 13:32:13 UTC] PHP Warning:  call_user_func_array() expects parameter 1 to be a valid callback, function 'extraire_cours_front_page' not found or invalid function name in /Applications/MAMP/htdocs/4w4-conceptionWeb/wp-includes/class-wp-hook.php on line 292
[15-Mar-2021 13:32:13 UTC] PHP Warning:  call_user_func_array() expects parameter 1 to be a valid callback, function 'extraire_cours_front_page' not found or invalid function name in /Applications/MAMP/htdocs/4w4-conceptionWeb/wp-includes/class-wp-hook.php on line 292
[15-Mar-2021 13:33:53 UTC] PHP Warning:  call_user_func_array() expects parameter 1 to be a valid callback, function 'extraire_cours_front_page' not found or invalid function name in /Applications/MAMP/htdocs/4w4-conceptionWeb/wp-includes/class-wp-hook.php on line 292
[15-Mar-2021 13:33:53 UTC] PHP Warning:  call_user_func_array() expects parameter 1 to be a valid callback, function 'extraire_cours_front_page' not found or invalid function name in /Applications/MAMP/htdocs/4w4-conceptionWeb/wp-includes/class-wp-hook.php on line 292
[15-Mar-2021 13:33:53 UTC] PHP Warning:  call_user_func_array() expects parameter 1 to be a valid callback, function 'extraire_cours_front_page' not found or invalid function name in /Applications/MAMP/htdocs/4w4-conceptionWeb/wp-includes/class-wp-hook.php on line 292
[15-Mar-2021 13:33:53 UTC] PHP Warning:  call_user_func_array() expects parameter 1 to be a valid callback, function 'extraire_cours_front_page' not found or invalid function name in /Applications/MAMP/htdocs/4w4-conceptionWeb/wp-includes/class-wp-hook.php on line 292
[15-Mar-2021 13:33:53 UTC] PHP Warning:  call_user_func_array() expects parameter 1 to be a valid callback, function 'extraire_cours_front_page' not found or invalid function name in /Applications/MAMP/htdocs/4w4-conceptionWeb/wp-includes/class-wp-hook.php on line 292
[15-Mar-2021 13:33:53 UTC] PHP Warning:  call_user_func_array() expects parameter 1 to be a valid callback, function 'extraire_cours_front_page' not found or invalid function name in /Applications/MAMP/htdocs/4w4-conceptionWeb/wp-includes/class-wp-hook.php on line 292
[15-Mar-2021 13:34:38 UTC] PHP Warning:  call_user_func_array() expects parameter 1 to be a valid callback, function 'extraire_cours_front_page' not found or invalid function name in /Applications/MAMP/htdocs/4w4-conceptionWeb/wp-includes/class-wp-hook.php on line 292
[15-Mar-2021 13:34:38 UTC] PHP Warning:  call_user_func_array() expects parameter 1 to be a valid callback, function 'extraire_cours_front_page' not found or invalid function name in /Applications/MAMP/htdocs/4w4-conceptionWeb/wp-includes/class-wp-hook.php on line 292
[15-Mar-2021 13:34:38 UTC] PHP Warning:  call_user_func_array() expects parameter 1 to be a valid callback, function 'extraire_cours_front_page' not found or invalid function name in /Applications/MAMP/htdocs/4w4-conceptionWeb/wp-includes/class-wp-hook.php on line 292
[15-Mar-2021 13:34:39 UTC] PHP Warning:  call_user_func_array() expects parameter 1 to be a valid callback, function 'extraire_cours_front_page' not found or invalid function name in /Applications/MAMP/htdocs/4w4-conceptionWeb/wp-includes/class-wp-hook.php on line 292
[15-Mar-2021 13:34:54 UTC] PHP Warning:  call_user_func_array() expects parameter 1 to be a valid callback, function 'extraire_cours_front_page' not found or invalid function name in /Applications/MAMP/htdocs/4w4-conceptionWeb/wp-includes/class-wp-hook.php on line 292
[15-Mar-2021 13:34:54 UTC] PHP Warning:  call_user_func_array() expects parameter 1 to be a valid callback, function 'extraire_cours_front_page' not found or invalid function name in /Applications/MAMP/htdocs/4w4-conceptionWeb/wp-includes/class-wp-hook.php on line 292
[15-Mar-2021 13:34:54 UTC] PHP Warning:  call_user_func_array() expects parameter 1 to be a valid callback, function 'extraire_cours_front_page' not found or invalid function name in /Applications/MAMP/htdocs/4w4-conceptionWeb/wp-includes/class-wp-hook.php on line 292
[15-Mar-2021 13:34:54 UTC] PHP Warning:  call_user_func_array() expects parameter 1 to be a valid callback, function 'extraire_cours_front_page' not found or invalid function name in /Applications/MAMP/htdocs/4w4-conceptionWeb/wp-includes/class-wp-hook.php on line 292
[15-Mar-2021 13:34:54 UTC] PHP Warning:  call_user_func_array() expects parameter 1 to be a valid callback, function 'extraire_cours_front_page' not found or invalid function name in /Applications/MAMP/htdocs/4w4-conceptionWeb/wp-includes/class-wp-hook.php on line 292
[15-Mar-2021 13:34:54 UTC] PHP Warning:  call_user_func_array() expects parameter 1 to be a valid callback, function 'extraire_cours_front_page' not found or invalid function name in /Applications/MAMP/htdocs/4w4-conceptionWeb/wp-includes/class-wp-hook.php on line 292
[15-Mar-2021 14:37:13 UTC] PHP Parse error:  syntax error, unexpected '$typeCours' (T_VARIABLE), expecting ';' or ',' in /Applications/MAMP/htdocs/4w4-conceptionWeb/wp-content/themes/angelica/front-page.php on line 43
[18-Mar-2021 19:02:57 UTC] PHP Parse error:  syntax error, unexpected '!=' (T_IS_NOT_EQUAL) in /Applications/MAMP/htdocs/4w4-conceptionWeb/wp-content/themes/angelica/front-page.php on line 43
[21-Mar-2021 03:27:26 UTC] PHP Notice:  Undefined variable: titrePartiel in /Applications/MAMP/htdocs/4w4-conceptionWeb/wp-content/themes/angelica/front-page.php on line 30
[21-Mar-2021 03:30:18 UTC] PHP Notice:  Undefined variable: titrePartiel in /Applications/MAMP/htdocs/4w4-conceptionWeb/wp-content/themes/angelica/front-page.php on line 30
[21-Mar-2021 04:14:29 UTC] PHP Fatal error:  Uncaught Error: Call to undefined function get_page_the_title() in /Applications/MAMP/htdocs/4w4-conceptionWeb/wp-content/themes/angelica/front-page.php:31
Stack trace:
#0 /Applications/MAMP/htdocs/4w4-conceptionWeb/wp-includes/template-loader.php(106): include()
#1 /Applications/MAMP/htdocs/4w4-conceptionWeb/wp-blog-header.php(19): require_once('/Applications/M...')
#2 /Applications/MAMP/htdocs/4w4-conceptionWeb/index.php(17): require('/Applications/M...')
#3 {main}
  thrown in /Applications/MAMP/htdocs/4w4-conceptionWeb/wp-content/themes/angelica/front-page.php on line 31
[22-Mar-2021 01:18:18 UTC] PHP Warning:  file_get_contents(images/animation3d.jpg): failed to open stream: No such file or directory in /Applications/MAMP/htdocs/4w4-conceptionWeb/wp-content/themes/angelica/front-page.php on line 42
[22-Mar-2021 01:21:01 UTC] PHP Fatal error:  Uncaught Error: Call to undefined function animation3d_encode() in /Applications/MAMP/htdocs/4w4-conceptionWeb/wp-content/themes/angelica/front-page.php:42
Stack trace:
#0 /Applications/MAMP/htdocs/4w4-conceptionWeb/wp-includes/template-loader.php(106): include()
#1 /Applications/MAMP/htdocs/4w4-conceptionWeb/wp-blog-header.php(19): require_once('/Applications/M...')
#2 /Applications/MAMP/htdocs/4w4-conceptionWeb/index.php(17): require('/Applications/M...')
#3 {main}
  thrown in /Applications/MAMP/htdocs/4w4-conceptionWeb/wp-content/themes/angelica/front-page.php on line 42
[22-Mar-2021 01:22:26 UTC] PHP Fatal error:  Uncaught Error: Call to undefined function animation3d_encode() in /Applications/MAMP/htdocs/4w4-conceptionWeb/wp-content/themes/angelica/front-page.php:42
Stack trace:
#0 /Applications/MAMP/htdocs/4w4-conceptionWeb/wp-includes/template-loader.php(106): include()
#1 /Applications/MAMP/htdocs/4w4-conceptionWeb/wp-blog-header.php(19): require_once('/Applications/M...')
#2 /Applications/MAMP/htdocs/4w4-conceptionWeb/index.php(17): require('/Applications/M...')
#3 {main}
  thrown in /Applications/MAMP/htdocs/4w4-conceptionWeb/wp-content/themes/angelica/front-page.php on line 42
[22-Mar-2021 01:24:00 UTC] PHP Warning:  file_get_contents(images/animation3d.jpg): failed to open stream: No such file or directory in /Applications/MAMP/htdocs/4w4-conceptionWeb/wp-content/themes/angelica/front-page.php on line 42
[22-Mar-2021 01:24:54 UTC] PHP Warning:  file_get_contents(animation3d.jpg): failed to open stream: No such file or directory in /Applications/MAMP/htdocs/4w4-conceptionWeb/wp-content/themes/angelica/front-page.php on line 42
[22-Mar-2021 01:38:00 UTC] PHP Notice:  Undefined variable: size in /Applications/MAMP/htdocs/4w4-conceptionWeb/wp-content/themes/angelica/front-page.php on line 42
